0 info it worked if it ends with ok
1 verbose cli [ '/usr/bin/node', '/usr/bin/npm', 'install', '-g', 'watch-lessc' ]
2 info using npm@1.4.28
3 info using node@v0.10.38
4 verbose node symlink /usr/bin/node
5 verbose cache add [ 'watch-lessc', null ]
6 verbose cache add name=undefined spec="watch-lessc" args=["watch-lessc",null]
7 verbose parsed url { protocol: null,
7 verbose parsed url   slashes: null,
7 verbose parsed url   auth: null,
7 verbose parsed url   host: null,
7 verbose parsed url   port: null,
7 verbose parsed url   hostname: null,
7 verbose parsed url   hash: null,
7 verbose parsed url   search: null,
7 verbose parsed url   query: null,
7 verbose parsed url   pathname: 'watch-lessc',
7 verbose parsed url   path: 'watch-lessc',
7 verbose parsed url   href: 'watch-lessc' }
8 silly lockFile 490015e7-watch-lessc watch-lessc
9 verbose lock watch-lessc /home/beatpanda/.npm/490015e7-watch-lessc.lock
10 silly lockFile 490015e7-watch-lessc watch-lessc
11 silly lockFile 490015e7-watch-lessc watch-lessc
12 verbose addNamed [ 'watch-lessc', '' ]
13 verbose addNamed [ null, '*' ]
14 silly lockFile 281ce2a5-watch-lessc watch-lessc@
15 verbose lock watch-lessc@ /home/beatpanda/.npm/281ce2a5-watch-lessc.lock
16 silly addNameRange { name: 'watch-lessc', range: '*', hasData: false }
17 verbose request where is /watch-lessc
18 verbose request registry https://registry.npmjs.org/
19 verbose request id 05fb78d6534a1ace
20 verbose url raw /watch-lessc
21 verbose url resolving [ 'https://registry.npmjs.org/', './watch-lessc' ]
22 verbose url resolved https://registry.npmjs.org/watch-lessc
23 verbose request where is https://registry.npmjs.org/watch-lessc
24 info trying registry request attempt 1 at 22:08:48
25 http GET https://registry.npmjs.org/watch-lessc
26 http 200 https://registry.npmjs.org/watch-lessc
27 silly registry.get cb [ 200,
27 silly registry.get   { server: 'CouchDB/1.5.0 (Erlang OTP/R16B03)',
27 silly registry.get     etag: '"54KD4FE6DLIZQUR8GDZXQRVAA"',
27 silly registry.get     'content-type': 'application/json',
27 silly registry.get     'cache-control': 'max-age=60',
27 silly registry.get     'content-length': '2455',
27 silly registry.get     'accept-ranges': 'bytes',
27 silly registry.get     date: 'Tue, 05 May 2015 05:08:53 GMT',
27 silly registry.get     via: '1.1 varnish',
27 silly registry.get     age: '0',
27 silly registry.get     connection: 'keep-alive',
27 silly registry.get     'x-served-by': 'cache-lax1432-LAX',
27 silly registry.get     'x-cache': 'MISS',
27 silly registry.get     'x-cache-hits': '0',
27 silly registry.get     'x-timer': 'S1430802533.224931,VS0,VE314',
27 silly registry.get     vary: 'Accept' } ]
28 silly addNameRange number 2 { name: 'watch-lessc', range: '*', hasData: true }
29 silly addNameRange versions [ 'watch-lessc', [ '0.0.1', '0.0.2' ] ]
30 verbose addNamed [ 'watch-lessc', '0.0.2' ]
31 verbose addNamed [ '0.0.2', '0.0.2' ]
32 silly lockFile 537ccfac-watch-lessc-0-0-2 watch-lessc@0.0.2
33 verbose lock watch-lessc@0.0.2 /home/beatpanda/.npm/537ccfac-watch-lessc-0-0-2.lock
34 silly lockFile 43397c53-atch-lessc-watch-lessc-0-0-2-tgz https://registry.npmjs.org/watch-lessc/-/watch-lessc-0.0.2.tgz
35 verbose lock https://registry.npmjs.org/watch-lessc/-/watch-lessc-0.0.2.tgz /home/beatpanda/.npm/43397c53-atch-lessc-watch-lessc-0-0-2-tgz.lock
36 verbose addRemoteTarball [ 'https://registry.npmjs.org/watch-lessc/-/watch-lessc-0.0.2.tgz',
36 verbose addRemoteTarball   '3e768c3e867ed37dec24ffe4f5f6a5b2f3dbb73a' ]
37 info retry fetch attempt 1 at 22:08:53
38 verbose fetch to= /tmp/npm-5057-MXgci_QP/registry.npmjs.org/watch-lessc/-/watch-lessc-0.0.2.tgz
39 http GET https://registry.npmjs.org/watch-lessc/-/watch-lessc-0.0.2.tgz
40 http 200 https://registry.npmjs.org/watch-lessc/-/watch-lessc-0.0.2.tgz
41 silly lockFile 43397c53-atch-lessc-watch-lessc-0-0-2-tgz https://registry.npmjs.org/watch-lessc/-/watch-lessc-0.0.2.tgz
42 silly lockFile 43397c53-atch-lessc-watch-lessc-0-0-2-tgz https://registry.npmjs.org/watch-lessc/-/watch-lessc-0.0.2.tgz
43 silly lockFile 537ccfac-watch-lessc-0-0-2 watch-lessc@0.0.2
44 silly lockFile 537ccfac-watch-lessc-0-0-2 watch-lessc@0.0.2
45 silly lockFile 281ce2a5-watch-lessc watch-lessc@
46 silly lockFile 281ce2a5-watch-lessc watch-lessc@
47 silly resolved [ { name: 'watch-lessc',
47 silly resolved     description: 'Watches your specified .less file and auto-compiles it to the specified .css file.',
47 silly resolved     readme: 'watch-lessc processes a single .less stylesheet into a .css file using the LESS CSS compiler whenever changes to the .less file are made.\n\n    watch-lessc --help\n\n',
47 silly resolved     version: '0.0.2',
47 silly resolved     keywords: [ 'css', 'less', 'lessc', 'watch' ],
47 silly resolved     repository: { type: 'git', url: 'https://github.com/jccovey/watch-lessc' },
47 silly resolved     bin: { 'watch-lessc': 'app.js' },
47 silly resolved     dependencies: { less: '>=1.1.1', optimist: '>=0.2.6 <0.3' },
47 silly resolved     engine: { node: '>=0.4.0' },
47 silly resolved     author: { name: 'John Covey', email: 'jccovey@gmail.com' },
47 silly resolved     license: 'BSD',
47 silly resolved     _id: 'watch-lessc@0.0.2',
47 silly resolved     dist:
47 silly resolved      { shasum: '3e768c3e867ed37dec24ffe4f5f6a5b2f3dbb73a',
47 silly resolved        tarball: 'http://registry.npmjs.org/watch-lessc/-/watch-lessc-0.0.2.tgz' },
47 silly resolved     maintainers: [ [Object] ],
47 silly resolved     directories: {},
47 silly resolved     _shasum: '3e768c3e867ed37dec24ffe4f5f6a5b2f3dbb73a',
47 silly resolved     _from: 'watch-lessc@',
47 silly resolved     _resolved: 'https://registry.npmjs.org/watch-lessc/-/watch-lessc-0.0.2.tgz' } ]
48 info install watch-lessc@0.0.2 into /usr/lib
49 info installOne watch-lessc@0.0.2
50 verbose lib/node_modules/watch-lessc unbuild
51 verbose tar unpack /home/beatpanda/.npm/watch-lessc/0.0.2/package.tgz
52 silly lockFile d68840ab-usr-lib-node-modules-watch-lessc tar:///usr/lib/node_modules/watch-lessc
53 verbose lock tar:///usr/lib/node_modules/watch-lessc /home/beatpanda/.npm/d68840ab-usr-lib-node-modules-watch-lessc.lock
54 silly lockFile 35481945-pm-watch-lessc-0-0-2-package-tgz tar:///home/beatpanda/.npm/watch-lessc/0.0.2/package.tgz
55 verbose lock tar:///home/beatpanda/.npm/watch-lessc/0.0.2/package.tgz /home/beatpanda/.npm/35481945-pm-watch-lessc-0-0-2-package-tgz.lock
56 silly gunzTarPerm modes [ '775', '664' ]
57 error Error: EACCES, mkdir '/usr/lib/node_modules/watch-lessc'
57 error  { [Error: EACCES, mkdir '/usr/lib/node_modules/watch-lessc']
57 error   errno: 3,
57 error   code: 'EACCES',
57 error   path: '/usr/lib/node_modules/watch-lessc',
57 error   fstream_type: 'Directory',
57 error   fstream_path: '/usr/lib/node_modules/watch-lessc',
57 error   fstream_class: 'DirWriter',
57 error   fstream_stack:
57 error    [ '/usr/lib/node_modules/npm/node_modules/fstream/lib/dir-writer.js:36:23',
57 error      '/usr/lib/node_modules/npm/node_modules/mkdirp/index.js:46:53',
57 error      'Object.oncomplete (fs.js:108:15)' ] }
58 error Please try running this command again as root/Administrator.
59 error System Linux 3.13.0-46-generic
60 error command "/usr/bin/node" "/usr/bin/npm" "install" "-g" "watch-lessc"
61 error cwd /home/beatpanda/dev/digcit/wordpress
62 error node -v v0.10.38
63 error npm -v 1.4.28
64 error path /usr/lib/node_modules/watch-lessc
65 error fstream_path /usr/lib/node_modules/watch-lessc
66 error fstream_type Directory
67 error fstream_class DirWriter
68 error code EACCES
69 error errno 3
70 error stack Error: EACCES, mkdir '/usr/lib/node_modules/watch-lessc'
71 error fstream_stack /usr/lib/node_modules/npm/node_modules/fstream/lib/dir-writer.js:36:23
71 error fstream_stack /usr/lib/node_modules/npm/node_modules/mkdirp/index.js:46:53
71 error fstream_stack Object.oncomplete (fs.js:108:15)
72 verbose exit [ 3, true ]
